MopubManagerLibrary/build/outputs/logs/manifest-merger-debug-report.txt
-- Merging decision tree log ---
manifest
ADDED from src/main/AndroidManifest.xml:2:1-63:12
INJECTED from src/main/AndroidManifest.xml:2:1-63:12
INJECTED from src/main/AndroidManifest.xml:2:1-63:12
INJECTED from src/main/AndroidManifest.xml:2:1-63:12
INJECTED from src/main/AndroidManifest.xml:2:1-63:12
INJECTED from src/main/AndroidManifest.xml:2:1-63:12
INJECTED from src/main/AndroidManifest.xml:2:1-63:12
	package
		ADDED from src/main/AndroidManifest.xml:3:5-35
		INJECTED from src/main/AndroidManifest.xml
		INJECTED from src/main/AndroidManifest.xml
	android:versionName
		INJECTED from src/main/AndroidManifest.xml
		ADDED from src/main/AndroidManifest.xml:2:1-63:12
		INJECTED from src/main/AndroidManifest.xml
	android:versionCode
		INJECTED from src/main/AndroidManifest.xml
		ADDED from src/main/AndroidManifest.xml:2:1-63:12
		INJECTED from src/main/AndroidManifest.xml
	xmlns:android
		ADDED from src/main/AndroidManifest.xml:2:11-69
uses-permission#android.permission.INTERNET
ADDED from src/main/AndroidManifest.xml:5:5-67
	android:name
		ADDED from src/main/AndroidManifest.xml:5:22-64
uses-permission#android.permission.ACCESS_NETWORK_STATE
ADDED from src/main/AndroidManifest.xml:6:5-79
	android:name
		ADDED from src/main/AndroidManifest.xml:6:22-76
uses-permission#android.permission.ACCESS_COARSE_LOCATION
ADDED from src/main/AndroidManifest.xml:9:5-81
	android:name
		ADDED from src/main/AndroidManifest.xml:9:22-78
uses-permission#android.permission.ACCESS_FINE_LOCATION
ADDED from src/main/AndroidManifest.xml:10:5-78
	android:name
		ADDED from src/main/AndroidManifest.xml:10:22-76
uses-permission#android.permission.WRITE_EXTERNAL_STORAGE
ADDED from src/main/AndroidManifest.xml:13:5-80
	android:name
		ADDED from src/main/AndroidManifest.xml:13:22-78
application
ADDED from src/main/AndroidManifest.xml:14:5-61:19
	android:supportsRtl
		ADDED from src/main/AndroidManifest.xml:21:9-35
	android:label
		ADDED from src/main/AndroidManifest.xml:19:9-41
	android:roundIcon
		ADDED from src/main/AndroidManifest.xml:20:9-54
	android:icon
		ADDED from src/main/AndroidManifest.xml:18:9-43
	android:allowBackup
		ADDED from src/main/AndroidManifest.xml:17:9-35
	android:theme
		ADDED from src/main/AndroidManifest.xml:22:9-40
	android:name
		ADDED from src/main/AndroidManifest.xml:16:9-46
activity#com.mopub.mobileads.MoPubActivity
ADDED from src/main/AndroidManifest.xml:32:9-33:76
	android:configChanges
		ADDED from src/main/AndroidManifest.xml:33:13-74
	android:name
		ADDED from src/main/AndroidManifest.xml:32:19-67
activity#com.mopub.mobileads.MraidActivity
ADDED from src/main/AndroidManifest.xml:34:9-35:76
	android:configChanges
		ADDED from src/main/AndroidManifest.xml:35:13-74
	android:name
		ADDED from src/main/AndroidManifest.xml:34:19-67
activity#com.mopub.common.MoPubBrowser
ADDED from src/main/AndroidManifest.xml:36:9-37:76
	android:configChanges
		ADDED from src/main/AndroidManifest.xml:37:13-74
	android:name
		ADDED from src/main/AndroidManifest.xml:36:19-63
activity#com.mopub.mobileads.MraidVideoPlayerActivity
ADDED from src/main/AndroidManifest.xml:38:9-39:76
	android:configChanges
		ADDED from src/main/AndroidManifest.xml:39:13-74
	android:name
		ADDED from src/main/AndroidManifest.xml:38:19-78
activity#com.mopub.mobileads.RewardedMraidActivity
ADDED from src/main/AndroidManifest.xml:40:9-41:76
	android:configChanges
		ADDED from src/main/AndroidManifest.xml:41:13-74
	android:name
		ADDED from src/main/AndroidManifest.xml:40:19-75
activity#com.mopub.common.privacy.ConsentDialogActivity
ADDED from src/main/AndroidManifest.xml:43:9-44:76
	android:configChanges
		ADDED from src/main/AndroidManifest.xml:44:13-74
	android:name
		ADDED from src/main/AndroidManifest.xml:43:19-80
meta-data#com.google.android.gms.version
ADDED from src/main/AndroidManifest.xml:46:9-47:69
	android:value
		ADDED from src/main/AndroidManifest.xml:47:13-66
	android:name
		ADDED from src/main/AndroidManifest.xml:46:20-65
activity#com.google.android.gms.ads.AdActivity
ADDED from src/main/AndroidManifest.xml:49:9-51:63
	android:configChanges
		ADDED from src/main/AndroidManifest.xml:50:13-122
	android:theme
		ADDED from src/main/AndroidManifest.xml:51:13-61
	android:name
		ADDED from src/main/AndroidManifest.xml:49:19-71
meta-data#com.google.android.gms.ads.APPLICATION_ID
ADDED from src/main/AndroidManifest.xml:52:9-54:69
	android:value
		ADDED from src/main/AndroidManifest.xml:54:13-67
	android:name
		ADDED from src/main/AndroidManifest.xml:53:13-69
meta-data#com.facebook.sdk.ApplicationId
ADDED from src/main/AndroidManifest.xml:58:9-98
	android:value
		ADDED from src/main/AndroidManifest.xml:58:66-96
	android:name
		ADDED from src/main/AndroidManifest.xml:58:20-65
uses-sdk
INJECTED from src/main/AndroidManifest.xml reason: use-sdk injection requested
INJECTED from src/main/AndroidManifest.xml
INJECTED from src/main/AndroidManifest.xml
INJECTED from src/main/AndroidManifest.xml
INJECTED from src/main/AndroidManifest.xml
	android:targetSdkVersion
		INJECTED from src/main/AndroidManifest.xml
		ADDED from src/main/AndroidManifest.xml
		INJECTED from src/main/AndroidManifest.xml
	android:minSdkVersion
		INJECTED from src/main/AndroidManifest.xml
		ADDED from src/main/AndroidManifest.xml
		INJECTED from src/main/AndroidManifest.xml